<?xml version="1.0" encoding="UTF-8"?>
<testsuite xmlns:xsi="http://www.w3.org/2001/XMLSchema-instance" xsi:noNamespaceSchemaLocation="https://maven.apache.org/surefire/maven-surefire-plugin/xsd/surefire-test-report.xsd" name="TestSuite" time="5.457" tests="1" errors="0" skipped="0" failures="0">
  <properties>
    <property name="sun.desktop" value="gnome"/>
    <property name="awt.toolkit" value="sun.awt.X11.XToolkit"/>
    <property name="file.encoding.pkg" value="sun.io"/>
    <property name="java.specification.version" value="1.8"/>
    <property name="sun.cpu.isalist" value=""/>
    <property name="sun.jnu.encoding" value="UTF-8"/>
    <property name="java.class.path" value="/home/sahil/workspace_New/allyoApi/target/test-classes:/home/sahil/workspace_New/allyoApi/target/classes:/home/sahil/.m2/repository/junit/junit/3.8.1/junit-3.8.1.jar:/home/sahil/.m2/repository/org/testng/testng/6.1.1/testng-6.1.1.jar:/home/sahil/.m2/repository/org/beanshell/bsh/2.0b4/bsh-2.0b4.jar:/home/sahil/.m2/repository/com/beust/jcommander/1.12/jcommander-1.12.jar:/home/sahil/.m2/repository/org/yaml/snakeyaml/1.6/snakeyaml-1.6.jar:/home/sahil/.m2/repository/com/google/code/gson/gson/2.6.1/gson-2.6.1.jar:/home/sahil/.m2/repository/com/jayway/restassured/rest-assured/2.9.0/rest-assured-2.9.0.jar:/home/sahil/.m2/repository/org/codehaus/groovy/groovy/2.4.4/groovy-2.4.4.jar:/home/sahil/.m2/repository/org/codehaus/groovy/groovy-xml/2.4.4/groovy-xml-2.4.4.jar:/home/sahil/.m2/repository/org/apache/httpcomponents/httpclient/4.5.1/httpclient-4.5.1.jar:/home/sahil/.m2/repository/org/apache/httpcomponents/httpcore/4.4.3/httpcore-4.4.3.jar:/home/sahil/.m2/repository/commons-logging/commons-logging/1.2/commons-logging-1.2.jar:/home/sahil/.m2/repository/commons-codec/commons-codec/1.9/commons-codec-1.9.jar:/home/sahil/.m2/repository/org/apache/httpcomponents/httpmime/4.5.1/httpmime-4.5.1.jar:/home/sahil/.m2/repository/org/hamcrest/hamcrest-core/1.3/hamcrest-core-1.3.jar:/home/sahil/.m2/repository/org/hamcrest/hamcrest-library/1.3/hamcrest-library-1.3.jar:/home/sahil/.m2/repository/org/ccil/cowan/tagsoup/tagsoup/1.2.1/tagsoup-1.2.1.jar:/home/sahil/.m2/repository/com/jayway/restassured/json-path/2.9.0/json-path-2.9.0.jar:/home/sahil/.m2/repository/org/codehaus/groovy/groovy-json/2.4.4/groovy-json-2.4.4.jar:/home/sahil/.m2/repository/com/jayway/restassured/rest-assured-common/2.9.0/rest-assured-common-2.9.0.jar:/home/sahil/.m2/repository/com/jayway/restassured/xml-path/2.9.0/xml-path-2.9.0.jar:/home/sahil/.m2/repository/org/apache/commons/commons-lang3/3.3.2/commons-lang3-3.3.2.jar:/home/sahil/.m2/repository/com/relevantcodes/extentreports/2.41.1/extentreports-2.41.1.jar:/home/sahil/.m2/repository/org/jsoup/jsoup/1.8.3/jsoup-1.8.3.jar:/home/sahil/.m2/repository/org/xerial/sqlite-jdbc/3.8.11.1/sqlite-jdbc-3.8.11.1.jar:/home/sahil/.m2/repository/org/freemarker/freemarker/2.3.23/freemarker-2.3.23.jar:/home/sahil/.m2/repository/org/mongodb/mongodb-driver/3.0.4/mongodb-driver-3.0.4.jar:/home/sahil/.m2/repository/org/mongodb/bson/3.0.4/bson-3.0.4.jar:/home/sahil/.m2/repository/org/mongodb/mongodb-driver-core/3.0.4/mongodb-driver-core-3.0.4.jar:"/>
    <property name="java.vm.vendor" value="Oracle Corporation"/>
    <property name="sun.arch.data.model" value="64"/>
    <property name="java.vendor.url" value="http://java.oracle.com/"/>
    <property name="user.timezone" value=""/>
    <property name="java.vm.specification.version" value="1.8"/>
    <property name="os.name" value="Linux"/>
    <property name="user.country" value="IN"/>
    <property name="sun.java.launcher" value="SUN_STANDARD"/>
    <property name="sun.boot.library.path" value="/usr/lib/jvm/java-8-openjdk-amd64/jre/lib/amd64"/>
    <property name="sun.java.command" value="/home/sahil/workspace_New/allyoApi/target/surefire/surefirebooter7823046829499943004.jar /home/sahil/workspace_New/allyoApi/target/surefire 2018-11-27T17-02-12_912-jvmRun1 surefire1902945913555310374tmp surefire_07580558758780817118tmp"/>
    <property name="ver" value="v1"/>
    <property name="surefire.test.class.path" value="/home/sahil/workspace_New/allyoApi/target/test-classes:/home/sahil/workspace_New/allyoApi/target/classes:/home/sahil/.m2/repository/junit/junit/3.8.1/junit-3.8.1.jar:/home/sahil/.m2/repository/org/testng/testng/6.1.1/testng-6.1.1.jar:/home/sahil/.m2/repository/org/beanshell/bsh/2.0b4/bsh-2.0b4.jar:/home/sahil/.m2/repository/com/beust/jcommander/1.12/jcommander-1.12.jar:/home/sahil/.m2/repository/org/yaml/snakeyaml/1.6/snakeyaml-1.6.jar:/home/sahil/.m2/repository/com/google/code/gson/gson/2.6.1/gson-2.6.1.jar:/home/sahil/.m2/repository/com/jayway/restassured/rest-assured/2.9.0/rest-assured-2.9.0.jar:/home/sahil/.m2/repository/org/codehaus/groovy/groovy/2.4.4/groovy-2.4.4.jar:/home/sahil/.m2/repository/org/codehaus/groovy/groovy-xml/2.4.4/groovy-xml-2.4.4.jar:/home/sahil/.m2/repository/org/apache/httpcomponents/httpclient/4.5.1/httpclient-4.5.1.jar:/home/sahil/.m2/repository/org/apache/httpcomponents/httpcore/4.4.3/httpcore-4.4.3.jar:/home/sahil/.m2/repository/commons-logging/commons-logging/1.2/commons-logging-1.2.jar:/home/sahil/.m2/repository/commons-codec/commons-codec/1.9/commons-codec-1.9.jar:/home/sahil/.m2/repository/org/apache/httpcomponents/httpmime/4.5.1/httpmime-4.5.1.jar:/home/sahil/.m2/repository/org/hamcrest/hamcrest-core/1.3/hamcrest-core-1.3.jar:/home/sahil/.m2/repository/org/hamcrest/hamcrest-library/1.3/hamcrest-library-1.3.jar:/home/sahil/.m2/repository/org/ccil/cowan/tagsoup/tagsoup/1.2.1/tagsoup-1.2.1.jar:/home/sahil/.m2/repository/com/jayway/restassured/json-path/2.9.0/json-path-2.9.0.jar:/home/sahil/.m2/repository/org/codehaus/groovy/groovy-json/2.4.4/groovy-json-2.4.4.jar:/home/sahil/.m2/repository/com/jayway/restassured/rest-assured-common/2.9.0/rest-assured-common-2.9.0.jar:/home/sahil/.m2/repository/com/jayway/restassured/xml-path/2.9.0/xml-path-2.9.0.jar:/home/sahil/.m2/repository/org/apache/commons/commons-lang3/3.3.2/commons-lang3-3.3.2.jar:/home/sahil/.m2/repository/com/relevantcodes/extentreports/2.41.1/extentreports-2.41.1.jar:/home/sahil/.m2/repository/org/jsoup/jsoup/1.8.3/jsoup-1.8.3.jar:/home/sahil/.m2/repository/org/xerial/sqlite-jdbc/3.8.11.1/sqlite-jdbc-3.8.11.1.jar:/home/sahil/.m2/repository/org/freemarker/freemarker/2.3.23/freemarker-2.3.23.jar:/home/sahil/.m2/repository/org/mongodb/mongodb-driver/3.0.4/mongodb-driver-3.0.4.jar:/home/sahil/.m2/repository/org/mongodb/bson/3.0.4/bson-3.0.4.jar:/home/sahil/.m2/repository/org/mongodb/mongodb-driver-core/3.0.4/mongodb-driver-core-3.0.4.jar:"/>
    <property name="sun.cpu.endian" value="little"/>
    <property name="user.home" value="/home/sahil"/>
    <property name="user.language" value="en"/>
    <property name="java.specification.vendor" value="Oracle Corporation"/>
    <property name="java.home" value="/usr/lib/jvm/java-8-openjdk-amd64/jre"/>
    <property name="basedir" value="/home/sahil/workspace_New/allyoApi"/>
    <property name="file.separator" value="/"/>
    <property name="line.separator" value="&#10;"/>
    <property name="java.vm.specification.vendor" value="Oracle Corporation"/>
    <property name="java.specification.name" value="Java Platform API Specification"/>
    <property name="java.awt.graphicsenv" value="sun.awt.X11GraphicsEnvironment"/>
    <property name="surefire.real.class.path" value="/home/sahil/workspace_New/allyoApi/target/surefire/surefirebooter7823046829499943004.jar"/>
    <property name="sun.boot.class.path" value="/usr/lib/jvm/java-8-openjdk-amd64/jre/lib/resources.jar:/usr/lib/jvm/java-8-openjdk-amd64/jre/lib/rt.jar:/usr/lib/jvm/java-8-openjdk-amd64/jre/lib/sunrsasign.jar:/usr/lib/jvm/java-8-openjdk-amd64/jre/lib/jsse.jar:/usr/lib/jvm/java-8-openjdk-amd64/jre/lib/jce.jar:/usr/lib/jvm/java-8-openjdk-amd64/jre/lib/charsets.jar:/usr/lib/jvm/java-8-openjdk-amd64/jre/lib/jfr.jar:/usr/lib/jvm/java-8-openjdk-amd64/jre/classes"/>
    <property name="sun.management.compiler" value="HotSpot 64-Bit Tiered Compilers"/>
    <property name="java.runtime.version" value="1.8.0_181-8u181-b13-1ubuntu0.16.04.1-b13"/>
    <property name="user.name" value="sahil"/>
    <property name="path.separator" value=":"/>
    <property name="os.version" value="4.4.0-139-generic"/>
    <property name="java.endorsed.dirs" value="/usr/lib/jvm/java-8-openjdk-amd64/jre/lib/endorsed"/>
    <property name="java.runtime.name" value="OpenJDK Runtime Environment"/>
    <property name="file.encoding" value="UTF-8"/>
    <property name="java.vm.name" value="OpenJDK 64-Bit Server VM"/>
    <property name="localRepository" value="/home/sahil/.m2/repository"/>
    <property name="java.vendor.url.bug" value="http://bugreport.sun.com/bugreport/"/>
    <property name="java.io.tmpdir" value="/tmp"/>
    <property name="java.version" value="1.8.0_181"/>
    <property name="user.dir" value="/home/sahil/workspace_New/allyoApi"/>
    <property name="os.arch" value="amd64"/>
    <property name="java.vm.specification.name" value="Java Virtual Machine Specification"/>
    <property name="java.awt.printerjob" value="sun.print.PSPrinterJob"/>
    <property name="env" value="QA"/>
    <property name="sun.os.patch.level" value="unknown"/>
    <property name="java.library.path" value="/usr/java/packages/lib/amd64:/usr/lib/x86_64-linux-gnu/jni:/lib/x86_64-linux-gnu:/usr/lib/x86_64-linux-gnu:/usr/lib/jni:/lib:/usr/lib"/>
    <property name="java.vm.info" value="mixed mode"/>
    <property name="java.vendor" value="Oracle Corporation"/>
    <property name="java.vm.version" value="25.181-b13"/>
    <property name="java.ext.dirs" value="/usr/lib/jvm/java-8-openjdk-amd64/jre/lib/ext:/usr/java/packages/lib/ext"/>
    <property name="sun.io.unicode.encoding" value="UnicodeLittle"/>
    <property name="java.class.version" value="52.0"/>
  </properties>
  <testcase name="MTurk_test1" classname="com.ttn.allyoApi.Test.MTrurkApiTest" time="4.746"/>
</testsuite>