<?xml version="1.0" encoding="UTF-8"?>
<!-- Generated by org.testng.reporters.JUnitReportReporter -->
<testsuite hostname="keshav" name="com.ttn.allyoApi.Test.MTrurkApiTest" tests="1" failures="0" timestamp="27 Nov 2018 11:32:19 GMT" time="4.746" errors="0">
  <testcase name="MTurk_test1" time="4.746" classname="com.ttn.allyoApi.Test.MTrurkApiTest"/>
</testsuite>
